# JRE version: OpenJDK Runtime Environment Temurin-21.0.9+10 (21.0.9+10) (build 21.0.9+10-LTS)
# Java VM: OpenJDK 64-Bit Server VM Temurin-21.0.9+10 (21.0.9+10-LTS, mixed mode, sharing, tiered, compressed oops, compressed class ptrs, g1 gc, windows-amd64)
GC Precious Log:
 CardTable entry size: 512
 Card Set container configuration: InlinePtr #cards 4 size 8 Array Of Cards #cards 16 size 48 Howl #buckets 8 coarsen threshold 3686 Howl Bitmap #cards 512 size 80 coarsen threshold 460 Card regions per heap region 1 cards per card region 4096
 CPUs: 8 total, 8 available
 Memory: 16215M
 Large Page Support: Disabled
 NUMA Support: Disabled
 Compressed Oops: Enabled (Zero based)
 Heap Region Size: 2M
 Heap Min Capacity: 8M
 Heap Initial Capacity: 254M
 Heap Max Capacity: 4054M
 Pre-touch: Disabled
 Parallel Workers: 8
 Concurrent Workers: 2
 Concurrent Refinement Workers: 8
 Periodic GC: Disabled
Heap:
 garbage-first heap   total 53248K, used 27131K [0x0000000702a00000, 0x0000000800000000)
  region size 2048K, 12 young (24576K), 6 survivors (12288K)
 Metaspace       used 24929K, committed 25344K, reserved 1114112K
  class space    used 3574K, committed 3776K, reserved 1048576K
GC Heap History (8 events):
Event: 0.558 GC heap before
{Heap before GC invocations=0 (full 0):
 garbage-first heap   total 260096K, used 20480K [0x0000000702a00000, 0x0000000800000000)
  region size 2048K, 11 young (22528K), 0 survivors (0K)
 Metaspace       used 5936K, committed 6144K, reserved 1114112K
  class space    used 656K, committed 768K, reserved 1048576K
}
Event: 0.562 GC heap after
{Heap after GC invocations=1 (full 0):
 garbage-first heap   total 260096K, used 4053K [0x0000000702a00000, 0x0000000800000000)
  region size 2048K, 2 young (4096K), 2 survivors (4096K)
 Metaspace       used 5936K, committed 6144K, reserved 1114112K
  class space    used 656K, committed 768K, reserved 1048576K
}
Event: 1.406 GC heap before
{Heap before GC invocations=1 (full 0):
 garbage-first heap   total 260096K, used 34773K [0x0000000702a00000, 0x0000000800000000)
  region size 2048K, 18 young (36864K), 2 survivors (4096K)
 Metaspace       used 14163K, committed 14464K, reserved 1114112K
  class space    used 1860K, committed 1984K, reserved 1048576K
}
Event: 1.411 GC heap after
{Heap after GC invocations=2 (full 0):
 garbage-first heap   total 260096K, used 6999K [0x0000000702a00000, 0x0000000800000000)
  region size 2048K, 2 young (4096K), 2 survivors (4096K)
 Metaspace       used 14163K, committed 14464K, reserved 1114112K
  class space    used 1860K, committed 1984K, reserved 1048576K
}
Event: 4.290 GC heap before
{Heap before GC invocations=2 (full 0):
 garbage-first heap   total 260096K, used 45911K [0x0000000702a00000, 0x0000000800000000)
  region size 2048K, 22 young (45056K), 2 survivors (4096K)
 Metaspace       used 21195K, committed 21504K, reserved 1114112K
  class space    used 3122K, committed 3264K, reserved 1048576K
}
Event: 4.297 GC heap after
{Heap after GC invocations=3 (full 0):
 garbage-first heap   total 260096K, used 10524K [0x0000000702a00000, 0x0000000800000000)
  region size 2048K, 4 young (8192K), 4 survivors (8192K)
 Metaspace       used 21195K, committed 21504K, reserved 1114112K
  class space    used 3122K, committed 3264K, reserved 1048576K
}
Event: 15.029 GC heap before
{Heap before GC invocations=4 (full 0):
 garbage-first heap   total 40960K, used 39196K [0x0000000702a00000, 0x0000000800000000)
  region size 2048K, 17 young (34816K), 4 survivors (8192K)
 Metaspace       used 24290K, committed 24704K, reserved 1114112K
  class space    used 3510K, committed 3712K, reserved 1048576K
}
Event: 15.040 GC heap after
{Heap after GC invocations=5 (full 0):
 garbage-first heap   total 53248K, used 16891K [0x0000000702a00000, 0x0000000800000000)
  region size 2048K, 6 young (12288K), 6 survivors (12288K)
 Metaspace       used 24290K, committed 24704K, reserved 1114112K
  class space    used 3510K, committed 3712K, reserved 1048576K
}

